D:\zero\virt\jdk-11.0.7+10\bin\java.exe -Dmaven.multiModuleProjectDirectory=D:\projs\vera\bonus-service -Dmaven.home=D:\zero\virt\intellij-idea-community-portable\app\plugins\maven\lib\maven3 -Dclassworlds.conf=D:\zero\virt\intellij-idea-community-portable\app\plugins\maven\lib\maven3\bin\m2.conf -Dmaven.ext.class.path=D:\zero\virt\intellij-idea-community-portable\app\plugins\maven\lib\maven-event-listener.jar -javaagent:D:\zero\virt\intellij-idea-community-portable\app\lib\idea_rt.jar=62682:D:\zero\virt\intellij-idea-community-portable\app\bin -Dfile.encoding=UTF-8 -classpath D:\zero\virt\intellij-idea-community-portable\app\plugins\maven\lib\maven3\boot\plexus-classworlds-2.6.0.jar org.codehaus.classworlds.Launcher -Didea.version2020.1 clean compile spotbugs:check
[INFO] Scanning for projects...
[INFO] 
[INFO] --------------------< ru.netology:bonus-calculator >--------------------
[INFO] Building bonus-calculator 1.0-SNAPSHOT
[INFO] --------------------------------[ jar ]---------------------------------
[INFO] 
[INFO] --- maven-clean-plugin:2.5:clean (default-clean) @ bonus-calculator ---
[INFO] Deleting D:\projs\vera\bonus-service\target
[INFO] 
[INFO] --- maven-resources-plugin:2.6:resources (default-resources) @ bonus-calculator ---
[INFO] Using 'UTF-8' encoding to copy filtered resources.
[INFO] Copying 0 resource
[INFO] 
[INFO] --- maven-compiler-plugin:3.1:compile (default-compile) @ bonus-calculator ---
[INFO] Changes detected - recompiling the module!
[INFO] Compiling 2 source files to D:\projs\vera\bonus-service\target\classes
[INFO] 
[INFO] >>> spotbugs-maven-plugin:4.0.0:check (default-cli) > :spotbugs @ bonus-calculator >>>
[INFO] 
[INFO] --- spotbugs-maven-plugin:4.0.0:spotbugs (spotbugs) @ bonus-calculator ---
[INFO] Fork Value is true
[INFO] Done SpotBugs Analysis....
[INFO] 
[INFO] <<< spotbugs-maven-plugin:4.0.0:check (default-cli) < :spotbugs @ bonus-calculator <<<
[INFO] 
[INFO] 
[INFO] --- spotbugs-maven-plugin:4.0.0:check (default-cli) @ bonus-calculator ---
[INFO] BugInstance size is 0
[INFO] Error size is 0
[INFO] No errors/warnings found
[INFO] ------------------------------------------------------------------------
[INFO] BUILD SUCCESS
[INFO] ------------------------------------------------------------------------
[INFO] Total time:  13.395 s
[INFO] Finished at: 2020-04-21T16:33:37+06:00
[INFO] ------------------------------------------------------------------------
